Build started 06.05.2020 20:42:03.
     1>Project "C:\Users\Maciej\Documents\GitHub\Oculus_3D\Oculus_3D\Oculus_3D.vcxproj" on node 2 (Build target(s)).
     1>InitializeBuildStatus:
         Touching "x64\Debug\Oculus_3D.tlog\unsuccessfulbuild".
       ClCompile:
         C:\Program Files (x86)\Microsoft Visual Studio\2017\Community\VC\Tools\MSVC\14.16.27023\bin\HostX86\x64\CL.exe /c /ZI /JMC /nologo /W3 /WX- /diagnostics:classic /sdl /Od /D _DEBUG /D _CONSOLE /D _UNICODE /D UNICODE /Gm- /EHsc /RTC1 /MDd /GS /fp:precise /permissive- /Zc:wchar_t /Zc:forScope /Zc:inline /Fo"x64\Debug\\" /Fd"x64\Debug\vc141.pdb" /Gd /TP /FC /errorReport:prompt Oculus_3D.cpp
         Oculus_3D.cpp
     1>c:\program files (x86)\windows kits\10\include\10.0.10240.0\um\combaseapi.h(234): error C2760: syntax error: unexpected token 'identifier', expected 'type specifier'
     1>c:\users\maciej\documents\github\oculus_3d\oculus_3d\olcconsolegameengine.h(767): warning C4267: 'initializing': conversion from 'size_t' to 'int', possible loss of data
     1>c:\users\maciej\documents\github\oculus_3d\oculus_3d\olcconsolegameengine.h(1107): warning C4267: 'return': conversion from 'size_t' to 'unsigned int', possible loss of data
     1>c:\users\maciej\documents\github\oculus_3d\oculus_3d\olcconsolegameengine.h(1204): warning C4312: 'type cast': conversion from 'DWORD' to 'olcConsoleGameEngine *' of greater size
     1>c:\users\maciej\documents\github\oculus_3d\oculus_3d\nurbs.h(81): warning C4305: 'argument': truncation from 'double' to 'float'
     1>c:\users\maciej\documents\github\oculus_3d\oculus_3d\nurbs.h(198): warning C4305: 'initializing': truncation from 'double' to 'float'
     1>c:\users\maciej\documents\github\oculus_3d\oculus_3d\oculus_3d.cpp(786): warning C4244: 'argument': conversion from 'float' to 'int', possible loss of data
     1>c:\users\maciej\documents\github\oculus_3d\oculus_3d\oculus_3d.cpp(901): warning C4244: 'argument': conversion from 'float' to 'int', possible loss of data
     1>c:\users\maciej\documents\github\oculus_3d\oculus_3d\oculus_3d.cpp(974): warning C4244: 'argument': conversion from 'float' to 'int', possible loss of data
     1>Done Building Project "C:\Users\Maciej\Documents\GitHub\Oculus_3D\Oculus_3D\Oculus_3D.vcxproj" (Build target(s)) -- FAILED.

Build FAILED.

       "C:\Users\Maciej\Documents\GitHub\Oculus_3D\Oculus_3D\Oculus_3D.vcxproj" (Build target) (1) ->
       (ClCompile target) -> 
         c:\users\maciej\documents\github\oculus_3d\oculus_3d\olcconsolegameengine.h(767): warning C4267: 'initializing': conversion from 'size_t' to 'int', possible loss of data
         c:\users\maciej\documents\github\oculus_3d\oculus_3d\olcconsolegameengine.h(1107): warning C4267: 'return': conversion from 'size_t' to 'unsigned int', possible loss of data
         c:\users\maciej\documents\github\oculus_3d\oculus_3d\olcconsolegameengine.h(1204): warning C4312: 'type cast': conversion from 'DWORD' to 'olcConsoleGameEngine *' of greater size
         c:\users\maciej\documents\github\oculus_3d\oculus_3d\nurbs.h(81): warning C4305: 'argument': truncation from 'double' to 'float'
         c:\users\maciej\documents\github\oculus_3d\oculus_3d\nurbs.h(198): warning C4305: 'initializing': truncation from 'double' to 'float'
         c:\users\maciej\documents\github\oculus_3d\oculus_3d\oculus_3d.cpp(786): warning C4244: 'argument': conversion from 'float' to 'int', possible loss of data
         c:\users\maciej\documents\github\oculus_3d\oculus_3d\oculus_3d.cpp(901): warning C4244: 'argument': conversion from 'float' to 'int', possible loss of data
         c:\users\maciej\documents\github\oculus_3d\oculus_3d\oculus_3d.cpp(974): warning C4244: 'argument': conversion from 'float' to 'int', possible loss of data


       "C:\Users\Maciej\Documents\GitHub\Oculus_3D\Oculus_3D\Oculus_3D.vcxproj" (Build target) (1) ->
       (ClCompile target) -> 
         c:\program files (x86)\windows kits\10\include\10.0.10240.0\um\combaseapi.h(234): error C2760: syntax error: unexpected token 'identifier', expected 'type specifier'

    8 Warning(s)
    1 Error(s)

Time Elapsed 00:00:01.16
